<?xml version="1.0" encoding="UTF-8"?>
<testsuite xmlns:xsi="http://www.w3.org/2001/XMLSchema-instance" xsi:noNamespaceSchemaLocation="https://maven.apache.org/surefire/maven-surefire-plugin/xsd/surefire-test-report.xsd" name="TestSuite" time="9.571" tests="6" errors="0" skipped="5" failures="1">
  <properties>
    <property name="java.specification.version" value="13"/>
    <property name="sun.cpu.isalist" value="amd64"/>
    <property name="sun.jnu.encoding" value="Cp1252"/>
    <property name="java.class.path" value="C:\Users\antwan.maddox\source\repos\MyCoach.POC.WebTests\target\test-classes;C:\Users\antwan.maddox\source\repos\MyCoach.POC.WebTests\target\classes;C:\Users\antwan.maddox\.m2\repository\junit\junit\4.11\junit-4.11.jar;C:\Users\antwan.maddox\.m2\repository\org\hamcrest\hamcrest-core\1.3\hamcrest-core-1.3.jar;C:\Users\antwan.maddox\.m2\repository\org\seleniumhq\selenium\selenium-java\3.141.5\selenium-java-3.141.5.jar;C:\Users\antwan.maddox\.m2\repository\org\seleniumhq\selenium\selenium-api\3.141.5\selenium-api-3.141.5.jar;C:\Users\antwan.maddox\.m2\repository\org\seleniumhq\selenium\selenium-edge-driver\3.141.5\selenium-edge-driver-3.141.5.jar;C:\Users\antwan.maddox\.m2\repository\org\seleniumhq\selenium\selenium-firefox-driver\3.141.5\selenium-firefox-driver-3.141.5.jar;C:\Users\antwan.maddox\.m2\repository\org\seleniumhq\selenium\selenium-ie-driver\3.141.5\selenium-ie-driver-3.141.5.jar;C:\Users\antwan.maddox\.m2\repository\org\seleniumhq\selenium\selenium-opera-driver\3.141.5\selenium-opera-driver-3.141.5.jar;C:\Users\antwan.maddox\.m2\repository\org\seleniumhq\selenium\selenium-remote-driver\3.141.5\selenium-remote-driver-3.141.5.jar;C:\Users\antwan.maddox\.m2\repository\org\seleniumhq\selenium\selenium-safari-driver\3.141.5\selenium-safari-driver-3.141.5.jar;C:\Users\antwan.maddox\.m2\repository\org\seleniumhq\selenium\selenium-support\3.141.5\selenium-support-3.141.5.jar;C:\Users\antwan.maddox\.m2\repository\net\bytebuddy\byte-buddy\1.8.15\byte-buddy-1.8.15.jar;C:\Users\antwan.maddox\.m2\repository\org\apache\commons\commons-exec\1.3\commons-exec-1.3.jar;C:\Users\antwan.maddox\.m2\repository\com\google\guava\guava\25.0-jre\guava-25.0-jre.jar;C:\Users\antwan.maddox\.m2\repository\com\google\code\findbugs\jsr305\1.3.9\jsr305-1.3.9.jar;C:\Users\antwan.maddox\.m2\repository\com\google\j2objc\j2objc-annotations\1.1\j2objc-annotations-1.1.jar;C:\Users\antwan.maddox\.m2\repository\org\codehaus\mojo\animal-sniffer-annotations\1.14\animal-sniffer-annotations-1.14.jar;C:\Users\antwan.maddox\.m2\repository\com\squareup\okhttp3\okhttp\3.11.0\okhttp-3.11.0.jar;C:\Users\antwan.maddox\.m2\repository\com\squareup\okio\okio\1.14.0\okio-1.14.0.jar;C:\Users\antwan.maddox\.m2\repository\org\testng\testng\7.1.0\testng-7.1.0.jar;C:\Users\antwan.maddox\.m2\repository\com\beust\jcommander\1.72\jcommander-1.72.jar;C:\Users\antwan.maddox\.m2\repository\com\google\inject\guice\4.1.0\guice-4.1.0-no_aop.jar;C:\Users\antwan.maddox\.m2\repository\javax\inject\javax.inject\1\javax.inject-1.jar;C:\Users\antwan.maddox\.m2\repository\aopalliance\aopalliance\1.0\aopalliance-1.0.jar;C:\Users\antwan.maddox\.m2\repository\org\yaml\snakeyaml\1.21\snakeyaml-1.21.jar;C:\Users\antwan.maddox\.m2\repository\org\seleniumhq\selenium\selenium-chrome-driver\3.141.59\selenium-chrome-driver-3.141.59.jar;C:\Users\antwan.maddox\.m2\repository\io\github\bonigarcia\webdrivermanager\3.8.1\webdrivermanager-3.8.1.jar;C:\Users\antwan.maddox\.m2\repository\org\slf4j\slf4j-api\1.7.25\slf4j-api-1.7.25.jar;C:\Users\antwan.maddox\.m2\repository\commons-io\commons-io\2.6\commons-io-2.6.jar;C:\Users\antwan.maddox\.m2\repository\com\google\code\gson\gson\2.8.5\gson-2.8.5.jar;C:\Users\antwan.maddox\.m2\repository\org\apache\commons\commons-lang3\3.8.1\commons-lang3-3.8.1.jar;C:\Users\antwan.maddox\.m2\repository\org\apache\httpcomponents\httpclient\4.5.6\httpclient-4.5.6.jar;C:\Users\antwan.maddox\.m2\repository\org\apache\httpcomponents\httpcore\4.4.10\httpcore-4.4.10.jar;C:\Users\antwan.maddox\.m2\repository\commons-logging\commons-logging\1.2\commons-logging-1.2.jar;C:\Users\antwan.maddox\.m2\repository\commons-codec\commons-codec\1.10\commons-codec-1.10.jar;C:\Users\antwan.maddox\.m2\repository\org\rauschig\jarchivelib\1.0.0\jarchivelib-1.0.0.jar;C:\Users\antwan.maddox\.m2\repository\org\apache\commons\commons-compress\1.18\commons-compress-1.18.jar;C:\Users\antwan.maddox\.m2\repository\org\jsoup\jsoup\1.11.3\jsoup-1.11.3.jar;C:\Users\antwan.maddox\.m2\repository\com\aventstack\extentreports\4.0.1\extentreports-4.0.1.jar;C:\Users\antwan.maddox\.m2\repository\org\freemarker\freemarker\2.3.23\freemarker-2.3.23.jar;C:\Users\antwan.maddox\.m2\repository\org\mongodb\mongodb-driver\3.3.0\mongodb-driver-3.3.0.jar;C:\Users\antwan.maddox\.m2\repository\org\mongodb\mongodb-driver-core\3.3.0\mongodb-driver-core-3.3.0.jar;C:\Users\antwan.maddox\.m2\repository\org\mongodb\bson\3.3.0\bson-3.3.0.jar;C:\Users\antwan.maddox\.m2\repository\org\apache\httpcomponents\httpmime\4.5.2\httpmime-4.5.2.jar;C:\Users\antwan.maddox\.m2\repository\com\aventstack\extentreports-testng-adapter\1.0.5\extentreports-testng-adapter-1.0.5.jar;C:\Users\antwan.maddox\.m2\repository\org\assertj\assertj-core\3.16.1\assertj-core-3.16.1.jar;C:\Users\antwan.maddox\.m2\repository\com\google\truth\truth\1.0.1\truth-1.0.1.jar;C:\Users\antwan.maddox\.m2\repository\org\checkerframework\checker-compat-qual\2.5.5\checker-compat-qual-2.5.5.jar;C:\Users\antwan.maddox\.m2\repository\com\googlecode\java-diff-utils\diffutils\1.3.0\diffutils-1.3.0.jar;C:\Users\antwan.maddox\.m2\repository\com\google\auto\value\auto-value-annotations\1.6.3\auto-value-annotations-1.6.3.jar;C:\Users\antwan.maddox\.m2\repository\com\google\errorprone\error_prone_annotations\2.3.3\error_prone_annotations-2.3.3.jar;"/>
    <property name="java.vm.vendor" value="Oracle Corporation"/>
    <property name="sun.arch.data.model" value="64"/>
    <property name="user.variant" value=""/>
    <property name="java.vendor.url" value="https://java.oracle.com/"/>
    <property name="user.timezone" value="America/New_York"/>
    <property name="os.name" value="Windows 10"/>
    <property name="java.vm.specification.version" value="13"/>
    <property name="sun.java.launcher" value="SUN_STANDARD"/>
    <property name="user.country" value="US"/>
    <property name="sun.boot.library.path" value="C:\Program Files\Java\jdk-13.0.1\bin"/>
    <property name="sun.java.command" value="C:\Users\ANTWAN~1.MAD\AppData\Local\Temp\surefire7339376550998254767\surefirebooter17118628889285048923.jar C:\Users\antwan.maddox\AppData\Local\Temp\surefire7339376550998254767 2020-05-13T14-17-10_261-jvmRun1 surefire11229411525150681597tmp surefire_05783883663047627940tmp"/>
    <property name="jdk.debug" value="release"/>
    <property name="surefire.test.class.path" value="C:\Users\antwan.maddox\source\repos\MyCoach.POC.WebTests\target\test-classes;C:\Users\antwan.maddox\source\repos\MyCoach.POC.WebTests\target\classes;C:\Users\antwan.maddox\.m2\repository\junit\junit\4.11\junit-4.11.jar;C:\Users\antwan.maddox\.m2\repository\org\hamcrest\hamcrest-core\1.3\hamcrest-core-1.3.jar;C:\Users\antwan.maddox\.m2\repository\org\seleniumhq\selenium\selenium-java\3.141.5\selenium-java-3.141.5.jar;C:\Users\antwan.maddox\.m2\repository\org\seleniumhq\selenium\selenium-api\3.141.5\selenium-api-3.141.5.jar;C:\Users\antwan.maddox\.m2\repository\org\seleniumhq\selenium\selenium-edge-driver\3.141.5\selenium-edge-driver-3.141.5.jar;C:\Users\antwan.maddox\.m2\repository\org\seleniumhq\selenium\selenium-firefox-driver\3.141.5\selenium-firefox-driver-3.141.5.jar;C:\Users\antwan.maddox\.m2\repository\org\seleniumhq\selenium\selenium-ie-driver\3.141.5\selenium-ie-driver-3.141.5.jar;C:\Users\antwan.maddox\.m2\repository\org\seleniumhq\selenium\selenium-opera-driver\3.141.5\selenium-opera-driver-3.141.5.jar;C:\Users\antwan.maddox\.m2\repository\org\seleniumhq\selenium\selenium-remote-driver\3.141.5\selenium-remote-driver-3.141.5.jar;C:\Users\antwan.maddox\.m2\repository\org\seleniumhq\selenium\selenium-safari-driver\3.141.5\selenium-safari-driver-3.141.5.jar;C:\Users\antwan.maddox\.m2\repository\org\seleniumhq\selenium\selenium-support\3.141.5\selenium-support-3.141.5.jar;C:\Users\antwan.maddox\.m2\repository\net\bytebuddy\byte-buddy\1.8.15\byte-buddy-1.8.15.jar;C:\Users\antwan.maddox\.m2\repository\org\apache\commons\commons-exec\1.3\commons-exec-1.3.jar;C:\Users\antwan.maddox\.m2\repository\com\google\guava\guava\25.0-jre\guava-25.0-jre.jar;C:\Users\antwan.maddox\.m2\repository\com\google\code\findbugs\jsr305\1.3.9\jsr305-1.3.9.jar;C:\Users\antwan.maddox\.m2\repository\com\google\j2objc\j2objc-annotations\1.1\j2objc-annotations-1.1.jar;C:\Users\antwan.maddox\.m2\repository\org\codehaus\mojo\animal-sniffer-annotations\1.14\animal-sniffer-annotations-1.14.jar;C:\Users\antwan.maddox\.m2\repository\com\squareup\okhttp3\okhttp\3.11.0\okhttp-3.11.0.jar;C:\Users\antwan.maddox\.m2\repository\com\squareup\okio\okio\1.14.0\okio-1.14.0.jar;C:\Users\antwan.maddox\.m2\repository\org\testng\testng\7.1.0\testng-7.1.0.jar;C:\Users\antwan.maddox\.m2\repository\com\beust\jcommander\1.72\jcommander-1.72.jar;C:\Users\antwan.maddox\.m2\repository\com\google\inject\guice\4.1.0\guice-4.1.0-no_aop.jar;C:\Users\antwan.maddox\.m2\repository\javax\inject\javax.inject\1\javax.inject-1.jar;C:\Users\antwan.maddox\.m2\repository\aopalliance\aopalliance\1.0\aopalliance-1.0.jar;C:\Users\antwan.maddox\.m2\repository\org\yaml\snakeyaml\1.21\snakeyaml-1.21.jar;C:\Users\antwan.maddox\.m2\repository\org\seleniumhq\selenium\selenium-chrome-driver\3.141.59\selenium-chrome-driver-3.141.59.jar;C:\Users\antwan.maddox\.m2\repository\io\github\bonigarcia\webdrivermanager\3.8.1\webdrivermanager-3.8.1.jar;C:\Users\antwan.maddox\.m2\repository\org\slf4j\slf4j-api\1.7.25\slf4j-api-1.7.25.jar;C:\Users\antwan.maddox\.m2\repository\commons-io\commons-io\2.6\commons-io-2.6.jar;C:\Users\antwan.maddox\.m2\repository\com\google\code\gson\gson\2.8.5\gson-2.8.5.jar;C:\Users\antwan.maddox\.m2\repository\org\apache\commons\commons-lang3\3.8.1\commons-lang3-3.8.1.jar;C:\Users\antwan.maddox\.m2\repository\org\apache\httpcomponents\httpclient\4.5.6\httpclient-4.5.6.jar;C:\Users\antwan.maddox\.m2\repository\org\apache\httpcomponents\httpcore\4.4.10\httpcore-4.4.10.jar;C:\Users\antwan.maddox\.m2\repository\commons-logging\commons-logging\1.2\commons-logging-1.2.jar;C:\Users\antwan.maddox\.m2\repository\commons-codec\commons-codec\1.10\commons-codec-1.10.jar;C:\Users\antwan.maddox\.m2\repository\org\rauschig\jarchivelib\1.0.0\jarchivelib-1.0.0.jar;C:\Users\antwan.maddox\.m2\repository\org\apache\commons\commons-compress\1.18\commons-compress-1.18.jar;C:\Users\antwan.maddox\.m2\repository\org\jsoup\jsoup\1.11.3\jsoup-1.11.3.jar;C:\Users\antwan.maddox\.m2\repository\com\aventstack\extentreports\4.0.1\extentreports-4.0.1.jar;C:\Users\antwan.maddox\.m2\repository\org\freemarker\freemarker\2.3.23\freemarker-2.3.23.jar;C:\Users\antwan.maddox\.m2\repository\org\mongodb\mongodb-driver\3.3.0\mongodb-driver-3.3.0.jar;C:\Users\antwan.maddox\.m2\repository\org\mongodb\mongodb-driver-core\3.3.0\mongodb-driver-core-3.3.0.jar;C:\Users\antwan.maddox\.m2\repository\org\mongodb\bson\3.3.0\bson-3.3.0.jar;C:\Users\antwan.maddox\.m2\repository\org\apache\httpcomponents\httpmime\4.5.2\httpmime-4.5.2.jar;C:\Users\antwan.maddox\.m2\repository\com\aventstack\extentreports-testng-adapter\1.0.5\extentreports-testng-adapter-1.0.5.jar;C:\Users\antwan.maddox\.m2\repository\org\assertj\assertj-core\3.16.1\assertj-core-3.16.1.jar;C:\Users\antwan.maddox\.m2\repository\com\google\truth\truth\1.0.1\truth-1.0.1.jar;C:\Users\antwan.maddox\.m2\repository\org\checkerframework\checker-compat-qual\2.5.5\checker-compat-qual-2.5.5.jar;C:\Users\antwan.maddox\.m2\repository\com\googlecode\java-diff-utils\diffutils\1.3.0\diffutils-1.3.0.jar;C:\Users\antwan.maddox\.m2\repository\com\google\auto\value\auto-value-annotations\1.6.3\auto-value-annotations-1.6.3.jar;C:\Users\antwan.maddox\.m2\repository\com\google\errorprone\error_prone_annotations\2.3.3\error_prone_annotations-2.3.3.jar;"/>
    <property name="sun.cpu.endian" value="little"/>
    <property name="user.home" value="C:\Users\antwan.maddox"/>
    <property name="user.language" value="en"/>
    <property name="java.specification.vendor" value="Oracle Corporation"/>
    <property name="java.version.date" value="2019-10-15"/>
    <property name="java.home" value="C:\Program Files\Java\jdk-13.0.1"/>
    <property name="file.separator" value="\"/>
    <property name="basedir" value="C:\Users\antwan.maddox\source\repos\MyCoach.POC.WebTests"/>
    <property name="java.vm.compressedOopsMode" value="Zero based"/>
    <property name="line.separator" value="&#10;"/>
    <property name="java.vm.specification.vendor" value="Oracle Corporation"/>
    <property name="java.specification.name" value="Java Platform API Specification"/>
    <property name="surefire.real.class.path" value="C:\Users\ANTWAN~1.MAD\AppData\Local\Temp\surefire7339376550998254767\surefirebooter17118628889285048923.jar"/>
    <property name="user.script" value=""/>
    <property name="sun.management.compiler" value="HotSpot 64-Bit Tiered Compilers"/>
    <property name="java.runtime.version" value="13.0.1+9"/>
    <property name="user.name" value="antwan.maddox"/>
    <property name="path.separator" value=";"/>
    <property name="os.version" value="10.0"/>
    <property name="java.runtime.name" value="Java(TM) SE Runtime Environment"/>
    <property name="file.encoding" value="Cp1252"/>
    <property name="java.vm.name" value="Java HotSpot(TM) 64-Bit Server VM"/>
    <property name="localRepository" value="C:\Users\antwan.maddox\.m2\repository"/>
    <property name="java.vendor.url.bug" value="https://bugreport.java.com/bugreport/"/>
    <property name="java.io.tmpdir" value="C:\Users\ANTWAN~1.MAD\AppData\Local\Temp\"/>
    <property name="java.version" value="13.0.1"/>
    <property name="user.dir" value="C:\Users\antwan.maddox\source\repos\MyCoach.POC.WebTests"/>
    <property name="os.arch" value="amd64"/>
    <property name="java.vm.specification.name" value="Java Virtual Machine Specification"/>
    <property name="sun.os.patch.level" value=""/>
    <property name="java.library.path" value="C:\Program Files\Java\jdk-13.0.1\bin;C:\WINDOWS\Sun\Java\bin;C:\WINDOWS\system32;C:\WINDOWS;C:\Program Files\Java\jdk-13.0.1\bin;C:\Program Files\nodejs\;C:\Program Files\dotnet\;C:\Program Files\Microsoft SQL Server\130\Tools\Binn\;C:\Program Files\Microsoft SQL Server\Client SDK\ODBC\170\Tools\Binn\;C:\Program Files\Docker\Docker\resources\bin;C:\ProgramData\DockerDesktop\version-bin;C:\Program Files (x86)\Microsoft Emulator Manager\1.0\;C:\Users\antwan.maddox\AppData\Local\Android\Sdk;C:\Users\antwan.maddox\AppData\Local\Android\Sdk\platforms;C:\Users\antwan.maddox\AppData\Local\Android\Sdk\platform-tools;C:\Program Files\apache-maven-3.6.3-bin\apache-maven-3.6.3\bin;C:\Program Files\Java\jdk-13.0.1\bin;C:\Users\antwan.maddox\AppData\Local\Programs\Microsoft VS Code\bin;C:\Users\antwan.maddox\AppData\Roaming\npm;C:\Users\antwan.maddox\.dotnet\tools;C:\Program Files\nodejs;;."/>
    <property name="java.vm.info" value="mixed mode, sharing"/>
    <property name="java.vendor" value="Oracle Corporation"/>
    <property name="java.vm.version" value="13.0.1+9"/>
    <property name="sun.io.unicode.encoding" value="UnicodeLittle"/>
    <property name="java.class.version" value="57.0"/>
  </properties>
  <testcase name="TestSetup" classname="WebTests.SampleTest" time="9.285">
    <failure type="java.lang.NullPointerException">java.lang.NullPointerException
</failure>
    <system-out><![CDATA[Test Setup
]]></system-out>
    <system-err><![CDATA[SLF4J: Failed to load class "org.slf4j.impl.StaticLoggerBinder".
SLF4J: Defaulting to no-operation (NOP) logger implementation
SLF4J: See http://www.slf4j.org/codes.html#StaticLoggerBinder for further details.
Starting ChromeDriver 81.0.4044.138 (8c6c7ba89cc9453625af54f11fd83179e23450fa-refs/branch-heads/4044@{#999}) on port 47077
Only local connections are allowed.
Please protect ports used by ChromeDriver and related test frameworks to prevent access by malicious code.
May 13, 2020 2:17:17 PM org.openqa.selenium.remote.ProtocolHandshake createSession
INFO: Detected dialect: W3C
[1589393840.373][SEVERE]: Timed out receiving message from renderer: 0.100
[1589393840.674][SEVERE]: Timed out receiving message from renderer: 0.100
[1589393840.810][SEVERE]: Timed out receiving message from renderer: 0.100
[1589393840.911][SEVERE]: Timed out receiving message from renderer: 0.100
]]></system-err>
  </testcase>
  <testcase name="Setup" classname="WebTests.SampleTest" time="0">
    <skipped/>
  </testcase>
  <testcase name="SampleTestCase" classname="WebTests.SampleTest" time="0">
    <skipped/>
    <system-out><![CDATA[Test Started
Test Skipped
]]></system-out>
  </testcase>
  <testcase name="ReportResults" classname="WebTests.SampleTest" time="0">
    <skipped/>
  </testcase>
  <testcase name="TearDown" classname="WebTests.SampleTest" time="0">
    <skipped/>
  </testcase>
  <testcase name="TestTearDown" classname="WebTests.SampleTest" time="0">
    <skipped/>
  </testcase>
</testsuite>